mode: set
github.com/simonski/ticket/libticket/local.go:13.83,14.70 1 1
github.com/simonski/ticket/libticket/local.go:14.70,16.3 1 1
github.com/simonski/ticket/libticket/local.go:17.2,17.37 1 1
github.com/simonski/ticket/libticket/local.go:17.37,19.3 1 1
github.com/simonski/ticket/libticket/local.go:20.2,20.43 1 1
github.com/simonski/ticket/libticket/local.go:27.48,29.2 1 1
github.com/simonski/ticket/libticket/local.go:31.57,33.16 2 1
github.com/simonski/ticket/libticket/local.go:33.16,35.3 1 0
github.com/simonski/ticket/libticket/local.go:36.2,37.41 2 1
github.com/simonski/ticket/libticket/local.go:37.41,39.3 1 1
github.com/simonski/ticket/libticket/local.go:40.2,41.16 2 1
github.com/simonski/ticket/libticket/local.go:41.16,43.3 1 0
github.com/simonski/ticket/libticket/local.go:44.2,46.9 3 1
github.com/simonski/ticket/libticket/local.go:47.37,49.20 2 0
github.com/simonski/ticket/libticket/local.go:49.20,51.4 1 0
github.com/simonski/ticket/libticket/local.go:52.3,52.95 1 0
github.com/simonski/ticket/libticket/local.go:53.18,54.31 1 0
github.com/simonski/ticket/libticket/local.go:55.21,57.20 2 0
github.com/simonski/ticket/libticket/local.go:57.20,59.4 1 0
github.com/simonski/ticket/libticket/local.go:60.3,60.95 1 0
github.com/simonski/ticket/libticket/local.go:62.2,63.16 2 1
github.com/simonski/ticket/libticket/local.go:63.16,65.3 1 0
github.com/simonski/ticket/libticket/local.go:66.2,71.8 1 1
github.com/simonski/ticket/libticket/local.go:74.67,76.16 2 0
github.com/simonski/ticket/libticket/local.go:76.16,78.3 1 0
github.com/simonski/ticket/libticket/local.go:79.2,80.50 2 0
github.com/simonski/ticket/libticket/local.go:83.80,85.2 1 1
github.com/simonski/ticket/libticket/local.go:87.85,89.2 1 1
github.com/simonski/ticket/libticket/local.go:91.39,93.2 1 1
github.com/simonski/ticket/libticket/local.go:95.70,97.16 2 1
github.com/simonski/ticket/libticket/local.go:97.16,99.3 1 0
github.com/simonski/ticket/libticket/local.go:100.2,101.45 2 1
github.com/simonski/ticket/libticket/local.go:104.82,106.16 2 1
github.com/simonski/ticket/libticket/local.go:106.16,108.3 1 0
github.com/simonski/ticket/libticket/local.go:109.2,110.57 2 1
github.com/simonski/ticket/libticket/local.go:113.76,115.16 2 1
github.com/simonski/ticket/libticket/local.go:115.16,117.3 1 0
github.com/simonski/ticket/libticket/local.go:118.2,119.52 2 1
github.com/simonski/ticket/libticket/local.go:122.58,124.16 2 1
github.com/simonski/ticket/libticket/local.go:124.16,126.3 1 0
github.com/simonski/ticket/libticket/local.go:127.2,128.28 2 1
github.com/simonski/ticket/libticket/local.go:131.58,133.16 2 1
github.com/simonski/ticket/libticket/local.go:133.16,135.3 1 0
github.com/simonski/ticket/libticket/local.go:136.2,137.39 2 1
github.com/simonski/ticket/libticket/local.go:140.76,142.16 2 1
github.com/simonski/ticket/libticket/local.go:142.16,144.3 1 0
github.com/simonski/ticket/libticket/local.go:145.2,146.79 2 1
github.com/simonski/ticket/libticket/local.go:149.58,151.16 2 1
github.com/simonski/ticket/libticket/local.go:151.16,153.3 1 0
github.com/simonski/ticket/libticket/local.go:154.2,155.28 2 1
github.com/simonski/ticket/libticket/local.go:158.86,160.16 2 1
github.com/simonski/ticket/libticket/local.go:160.16,162.3 1 0
github.com/simonski/ticket/libticket/local.go:163.2,164.83 2 1
github.com/simonski/ticket/libticket/local.go:167.51,169.16 2 1
github.com/simonski/ticket/libticket/local.go:169.16,171.3 1 0
github.com/simonski/ticket/libticket/local.go:172.2,173.33 2 1
github.com/simonski/ticket/libticket/local.go:176.93,178.16 2 0
github.com/simonski/ticket/libticket/local.go:178.16,180.3 1 0
github.com/simonski/ticket/libticket/local.go:181.2,182.83 2 0
github.com/simonski/ticket/libticket/local.go:185.85,187.16 2 0
github.com/simonski/ticket/libticket/local.go:187.16,189.3 1 0
github.com/simonski/ticket/libticket/local.go:190.2,191.47 2 0
github.com/simonski/ticket/libticket/local.go:194.60,196.16 2 0
github.com/simonski/ticket/libticket/local.go:196.16,198.3 1 0
github.com/simonski/ticket/libticket/local.go:199.2,200.29 2 0
github.com/simonski/ticket/libticket/local.go:203.95,205.16 2 0
github.com/simonski/ticket/libticket/local.go:205.16,207.3 1 0
github.com/simonski/ticket/libticket/local.go:208.2,213.4 2 0
github.com/simonski/ticket/libticket/local.go:216.52,218.16 2 0
github.com/simonski/ticket/libticket/local.go:218.16,220.3 1 0
github.com/simonski/ticket/libticket/local.go:221.2,222.34 2 0
github.com/simonski/ticket/libticket/local.go:225.89,227.16 2 0
github.com/simonski/ticket/libticket/local.go:227.16,229.3 1 0
github.com/simonski/ticket/libticket/local.go:230.2,232.16 3 0
github.com/simonski/ticket/libticket/local.go:232.16,234.3 1 0
github.com/simonski/ticket/libticket/local.go:235.2,235.49 1 0
github.com/simonski/ticket/libticket/local.go:238.90,240.16 2 0
github.com/simonski/ticket/libticket/local.go:240.16,242.3 1 0
github.com/simonski/ticket/libticket/local.go:243.2,245.16 3 0
github.com/simonski/ticket/libticket/local.go:245.16,247.3 1 0
github.com/simonski/ticket/libticket/local.go:248.2,249.29 2 0
github.com/simonski/ticket/libticket/local.go:249.29,251.3 1 0
github.com/simonski/ticket/libticket/local.go:252.2,252.47 1 0
github.com/simonski/ticket/libticket/local.go:252.47,254.17 2 0
github.com/simonski/ticket/libticket/local.go:254.17,256.4 1 0
github.com/simonski/ticket/libticket/local.go:257.3,257.30 1 0
github.com/simonski/ticket/libticket/local.go:257.30,258.26 1 0
github.com/simonski/ticket/libticket/local.go:258.26,260.10 2 0
github.com/simonski/ticket/libticket/local.go:264.2,265.16 2 0
github.com/simonski/ticket/libticket/local.go:265.16,267.3 1 0
github.com/simonski/ticket/libticket/local.go:268.2,275.16 2 0
github.com/simonski/ticket/libticket/local.go:275.16,277.3 1 0
github.com/simonski/ticket/libticket/local.go:278.2,279.16 2 0
github.com/simonski/ticket/libticket/local.go:280.29,281.23 1 0
github.com/simonski/ticket/libticket/local.go:282.31,283.52 1 0
github.com/simonski/ticket/libticket/local.go:283.52,285.4 1 0
github.com/simonski/ticket/libticket/local.go:285.9,287.4 1 0
github.com/simonski/ticket/libticket/local.go:288.10,289.23 1 0
github.com/simonski/ticket/libticket/local.go:291.2,291.50 1 0
github.com/simonski/ticket/libticket/local.go:291.50,293.3 1 0
github.com/simonski/ticket/libticket/local.go:293.8,295.3 1 0
github.com/simonski/ticket/libticket/local.go:296.2,297.54 2 0
github.com/simonski/ticket/libticket/local.go:297.54,299.17 2 0
github.com/simonski/ticket/libticket/local.go:299.17,301.4 1 0
github.com/simonski/ticket/libticket/local.go:302.3,304.17 3 0
github.com/simonski/ticket/libticket/local.go:304.17,306.4 1 0
github.com/simonski/ticket/libticket/local.go:308.2,308.22 1 0
github.com/simonski/ticket/libticket/local.go:311.108,313.16 2 0
github.com/simonski/ticket/libticket/local.go:313.16,315.3 1 0
github.com/simonski/ticket/libticket/local.go:316.2,318.16 3 0
github.com/simonski/ticket/libticket/local.go:318.16,320.3 1 0
github.com/simonski/ticket/libticket/local.go:321.2,322.16 2 0
github.com/simonski/ticket/libticket/local.go:322.16,324.3 1 0
github.com/simonski/ticket/libticket/local.go:325.2,342.16 2 0
github.com/simonski/ticket/libticket/local.go:342.16,344.3 1 0
github.com/simonski/ticket/libticket/local.go:345.2,346.21 2 0
github.com/simonski/ticket/libticket/local.go:349.91,351.16 2 1
github.com/simonski/ticket/libticket/local.go:351.16,353.3 1 0
github.com/simonski/ticket/libticket/local.go:354.2,356.16 3 1
github.com/simonski/ticket/libticket/local.go:356.16,358.3 1 0
github.com/simonski/ticket/libticket/local.go:359.2,370.4 1 1
github.com/simonski/ticket/libticket/local.go:373.64,375.16 2 1
github.com/simonski/ticket/libticket/local.go:375.16,377.3 1 0
github.com/simonski/ticket/libticket/local.go:378.2,379.31 2 1
github.com/simonski/ticket/libticket/local.go:382.69,384.16 2 1
github.com/simonski/ticket/libticket/local.go:384.16,386.3 1 0
github.com/simonski/ticket/libticket/local.go:387.2,388.33 2 1
github.com/simonski/ticket/libticket/local.go:391.101,393.16 2 1
github.com/simonski/ticket/libticket/local.go:393.16,395.3 1 0
github.com/simonski/ticket/libticket/local.go:396.2,406.4 2 1
github.com/simonski/ticket/libticket/local.go:409.89,411.16 2 1
github.com/simonski/ticket/libticket/local.go:411.16,413.3 1 0
github.com/simonski/ticket/libticket/local.go:414.2,415.48 2 1
github.com/simonski/ticket/libticket/local.go:418.117,420.16 2 0
github.com/simonski/ticket/libticket/local.go:420.16,422.3 1 0
github.com/simonski/ticket/libticket/local.go:423.2,424.76 2 0
github.com/simonski/ticket/libticket/local.go:427.75,429.16 2 0
github.com/simonski/ticket/libticket/local.go:429.16,431.3 1 0
github.com/simonski/ticket/libticket/local.go:432.2,433.57 2 0
github.com/simonski/ticket/libticket/local.go:436.91,438.16 2 0
github.com/simonski/ticket/libticket/local.go:438.16,440.3 1 0
github.com/simonski/ticket/libticket/local.go:441.2,442.48 2 0
github.com/simonski/ticket/libticket/local.go:445.129,447.16 2 0
github.com/simonski/ticket/libticket/local.go:447.16,449.3 1 0
github.com/simonski/ticket/libticket/local.go:450.2,451.80 2 0
github.com/simonski/ticket/libticket/local.go:454.79,456.16 2 0
github.com/simonski/ticket/libticket/local.go:456.16,458.3 1 0
github.com/simonski/ticket/libticket/local.go:459.2,460.61 2 0
github.com/simonski/ticket/libticket/local.go:463.99,465.16 2 0
github.com/simonski/ticket/libticket/local.go:465.16,467.3 1 0
github.com/simonski/ticket/libticket/local.go:468.2,469.52 2 0
github.com/simonski/ticket/libticket/local.go:472.76,474.16 2 1
github.com/simonski/ticket/libticket/local.go:474.16,476.3 1 0
github.com/simonski/ticket/libticket/local.go:477.2,478.65 2 1
github.com/simonski/ticket/libticket/local.go:481.58,483.16 2 1
github.com/simonski/ticket/libticket/local.go:483.16,485.3 1 0
github.com/simonski/ticket/libticket/local.go:486.2,487.28 2 1
github.com/simonski/ticket/libticket/local.go:490.86,492.16 2 1
github.com/simonski/ticket/libticket/local.go:492.16,494.3 1 0
github.com/simonski/ticket/libticket/local.go:495.2,496.69 2 1
github.com/simonski/ticket/libticket/local.go:499.51,501.16 2 1
github.com/simonski/ticket/libticket/local.go:501.16,503.3 1 0
github.com/simonski/ticket/libticket/local.go:504.2,505.33 2 1
github.com/simonski/ticket/libticket/local.go:508.105,510.16 2 1
github.com/simonski/ticket/libticket/local.go:510.16,512.3 1 0
github.com/simonski/ticket/libticket/local.go:513.2,514.88 2 1
github.com/simonski/ticket/libticket/local.go:517.69,519.16 2 1
github.com/simonski/ticket/libticket/local.go:519.16,521.3 1 0
github.com/simonski/ticket/libticket/local.go:522.2,523.51 2 1
github.com/simonski/ticket/libticket/local.go:526.82,528.16 2 1
github.com/simonski/ticket/libticket/local.go:528.16,530.3 1 0
github.com/simonski/ticket/libticket/local.go:531.2,532.42 2 1
github.com/simonski/ticket/libticket/local.go:535.85,537.16 2 0
github.com/simonski/ticket/libticket/local.go:537.16,539.3 1 0
github.com/simonski/ticket/libticket/local.go:540.2,541.48 2 0
github.com/simonski/ticket/libticket/local.go:544.69,546.16 2 0
github.com/simonski/ticket/libticket/local.go:546.16,548.3 1 0
github.com/simonski/ticket/libticket/local.go:549.2,550.51 2 0
github.com/simonski/ticket/libticket/local.go:553.80,555.16 2 0
github.com/simonski/ticket/libticket/local.go:555.16,557.3 1 0
github.com/simonski/ticket/libticket/local.go:558.2,559.41 2 0
github.com/simonski/ticket/libticket/local.go:562.88,564.16 2 1
github.com/simonski/ticket/libticket/local.go:564.16,566.3 1 0
github.com/simonski/ticket/libticket/local.go:567.2,569.16 3 1
github.com/simonski/ticket/libticket/local.go:569.16,571.3 1 0
github.com/simonski/ticket/libticket/local.go:572.2,589.4 2 1
github.com/simonski/ticket/libticket/local.go:592.77,594.2 1 0
github.com/simonski/ticket/libticket/local.go:596.177,598.16 2 1
github.com/simonski/ticket/libticket/local.go:598.16,600.3 1 0
github.com/simonski/ticket/libticket/local.go:601.2,612.4 2 1
github.com/simonski/ticket/libticket/local.go:615.98,617.16 2 1
github.com/simonski/ticket/libticket/local.go:617.16,619.3 1 0
github.com/simonski/ticket/libticket/local.go:620.2,622.16 3 1
github.com/simonski/ticket/libticket/local.go:622.16,624.3 1 0
github.com/simonski/ticket/libticket/local.go:625.2,643.4 2 1
github.com/simonski/ticket/libticket/local.go:646.68,648.16 2 1
github.com/simonski/ticket/libticket/local.go:648.16,650.3 1 0
github.com/simonski/ticket/libticket/local.go:651.2,653.16 3 1
github.com/simonski/ticket/libticket/local.go:653.16,655.3 1 0
github.com/simonski/ticket/libticket/local.go:656.2,656.67 1 1
github.com/simonski/ticket/libticket/local.go:659.67,661.16 2 1
github.com/simonski/ticket/libticket/local.go:661.16,663.3 1 0
github.com/simonski/ticket/libticket/local.go:664.2,666.16 3 1
github.com/simonski/ticket/libticket/local.go:666.16,668.3 1 0
github.com/simonski/ticket/libticket/local.go:669.2,669.66 1 1
github.com/simonski/ticket/libticket/local.go:672.70,674.16 2 1
github.com/simonski/ticket/libticket/local.go:674.16,676.3 1 0
github.com/simonski/ticket/libticket/local.go:677.2,679.16 3 1
github.com/simonski/ticket/libticket/local.go:679.16,681.3 1 0
github.com/simonski/ticket/libticket/local.go:682.2,682.70 1 1
github.com/simonski/ticket/libticket/local.go:685.72,687.16 2 1
github.com/simonski/ticket/libticket/local.go:687.16,689.3 1 0
github.com/simonski/ticket/libticket/local.go:690.2,692.16 3 1
github.com/simonski/ticket/libticket/local.go:692.16,694.3 1 0
github.com/simonski/ticket/libticket/local.go:695.2,695.71 1 1
github.com/simonski/ticket/libticket/local.go:698.53,700.16 2 1
github.com/simonski/ticket/libticket/local.go:700.16,702.3 1 0
github.com/simonski/ticket/libticket/local.go:703.2,704.35 2 1
github.com/simonski/ticket/libticket/local.go:707.82,709.16 2 1
github.com/simonski/ticket/libticket/local.go:709.16,711.3 1 0
github.com/simonski/ticket/libticket/local.go:712.2,724.4 1 1
github.com/simonski/ticket/libticket/local.go:727.83,729.16 2 1
github.com/simonski/ticket/libticket/local.go:729.16,731.3 1 0
github.com/simonski/ticket/libticket/local.go:732.2,733.45 2 1
github.com/simonski/ticket/libticket/local.go:736.74,738.16 2 1
github.com/simonski/ticket/libticket/local.go:738.16,740.3 1 0
github.com/simonski/ticket/libticket/local.go:741.2,753.4 1 1
github.com/simonski/ticket/libticket/local.go:756.70,758.16 2 1
github.com/simonski/ticket/libticket/local.go:758.16,760.3 1 0
github.com/simonski/ticket/libticket/local.go:761.2,762.32 2 1
github.com/simonski/ticket/libticket/local.go:765.68,767.16 2 1
github.com/simonski/ticket/libticket/local.go:767.16,769.3 1 0
github.com/simonski/ticket/libticket/local.go:770.2,771.38 2 1
github.com/simonski/ticket/libticket/local.go:774.68,776.16 2 1
github.com/simonski/ticket/libticket/local.go:776.16,778.3 1 0
github.com/simonski/ticket/libticket/local.go:779.2,781.16 3 1
github.com/simonski/ticket/libticket/local.go:781.16,783.3 1 0
github.com/simonski/ticket/libticket/local.go:784.2,784.43 1 1
github.com/simonski/ticket/libticket/local.go:787.76,789.16 2 1
github.com/simonski/ticket/libticket/local.go:789.16,791.3 1 0
github.com/simonski/ticket/libticket/local.go:792.2,793.40 2 1
github.com/simonski/ticket/libticket/local.go:796.84,798.16 2 1
github.com/simonski/ticket/libticket/local.go:798.16,800.3 1 0
github.com/simonski/ticket/libticket/local.go:801.2,803.16 3 1
github.com/simonski/ticket/libticket/local.go:803.16,805.3 1 0
github.com/simonski/ticket/libticket/local.go:806.2,806.51 1 1
github.com/simonski/ticket/libticket/local.go:809.72,811.16 2 1
github.com/simonski/ticket/libticket/local.go:811.16,813.3 1 0
github.com/simonski/ticket/libticket/local.go:814.2,815.35 2 1
github.com/simonski/ticket/libticket/local.go:818.91,820.16 2 1
github.com/simonski/ticket/libticket/local.go:820.16,822.3 1 0
github.com/simonski/ticket/libticket/local.go:823.2,825.16 3 1
github.com/simonski/ticket/libticket/local.go:825.16,827.3 1 0
github.com/simonski/ticket/libticket/local.go:828.2,828.97 1 1
github.com/simonski/ticket/libticket/local.go:831.74,833.16 2 1
github.com/simonski/ticket/libticket/local.go:833.16,835.3 1 0
github.com/simonski/ticket/libticket/local.go:836.2,837.91 2 1
github.com/simonski/ticket/libticket/local.go:840.79,842.16 2 1
github.com/simonski/ticket/libticket/local.go:842.16,844.3 1 0
github.com/simonski/ticket/libticket/local.go:845.2,846.39 2 1
github.com/simonski/ticket/libticket/local.go:849.92,851.16 2 1
github.com/simonski/ticket/libticket/local.go:851.16,853.3 1 0
github.com/simonski/ticket/libticket/local.go:854.2,856.16 3 1
github.com/simonski/ticket/libticket/local.go:856.16,858.3 1 0
github.com/simonski/ticket/libticket/local.go:859.2,867.16 2 1
github.com/simonski/ticket/libticket/local.go:867.16,869.3 1 0
github.com/simonski/ticket/libticket/local.go:870.2,871.51 2 1
github.com/simonski/ticket/libticket/local.go:871.51,873.3 1 1
github.com/simonski/ticket/libticket/local.go:874.2,874.22 1 1
github.com/simonski/ticket/libticket/local.go:877.50,879.16 2 1
github.com/simonski/ticket/libticket/local.go:879.16,881.3 1 0
github.com/simonski/ticket/libticket/local.go:882.2,882.36 1 1
github.com/simonski/ticket/libticket/local.go:885.66,887.68 2 1
github.com/simonski/ticket/libticket/local.go:887.68,888.19 1 1
github.com/simonski/ticket/libticket/local.go:888.19,890.4 1 1
github.com/simonski/ticket/libticket/local.go:891.3,891.66 1 0
github.com/simonski/ticket/libticket/local.go:891.66,893.4 1 0
github.com/simonski/ticket/libticket/local.go:894.3,894.47 1 0
github.com/simonski/ticket/libticket/local.go:895.8,895.43 1 0
github.com/simonski/ticket/libticket/local.go:895.43,897.3 1 0
github.com/simonski/ticket/libticket/local.go:898.2,898.62 1 0
github.com/simonski/ticket/libticket/local.go:901.29,903.2 1 1
github.com/simonski/ticket/libticket/local.go:905.88,907.16 2 1
github.com/simonski/ticket/libticket/local.go:907.16,909.3 1 0
github.com/simonski/ticket/libticket/local.go:910.2,911.68 2 1
github.com/simonski/ticket/libticket/local.go:914.66,916.16 2 1
github.com/simonski/ticket/libticket/local.go:916.16,918.3 1 0
github.com/simonski/ticket/libticket/local.go:919.2,920.32 2 1
github.com/simonski/ticket/libticket/local.go:923.80,925.16 2 1
github.com/simonski/ticket/libticket/local.go:925.16,927.3 1 0
github.com/simonski/ticket/libticket/local.go:928.2,929.34 2 1
github.com/simonski/ticket/libticket/local.go:932.55,934.16 2 1
github.com/simonski/ticket/libticket/local.go:934.16,936.3 1 0
github.com/simonski/ticket/libticket/local.go:937.2,938.37 2 1
github.com/simonski/ticket/libticket/local.go:941.118,943.16 2 1
github.com/simonski/ticket/libticket/local.go:943.16,945.3 1 0
github.com/simonski/ticket/libticket/local.go:946.2,947.122 2 1
github.com/simonski/ticket/libticket/local.go:950.65,952.16 2 1
github.com/simonski/ticket/libticket/local.go:952.16,954.3 1 0
github.com/simonski/ticket/libticket/local.go:955.2,956.47 2 1
github.com/simonski/ticket/libticket/local.go:959.88,961.16 2 1
github.com/simonski/ticket/libticket/local.go:961.16,963.3 1 0
github.com/simonski/ticket/libticket/local.go:964.2,965.62 2 1
github.com/simonski/ticket/libticket/local.go:968.79,970.16 2 1
github.com/simonski/ticket/libticket/local.go:970.16,972.3 1 0
github.com/simonski/ticket/libticket/local.go:973.2,974.37 2 1
github.com/simonski/ticket/libticket/local.go:977.92,979.16 2 1
github.com/simonski/ticket/libticket/local.go:979.16,981.3 1 0
github.com/simonski/ticket/libticket/local.go:982.2,983.41 2 1
github.com/simonski/ticket/libticket/local.go:986.99,988.16 2 1
github.com/simonski/ticket/libticket/local.go:988.16,990.3 1 0
github.com/simonski/ticket/libticket/local.go:991.2,993.16 3 1
github.com/simonski/ticket/libticket/local.go:993.16,995.3 1 0
github.com/simonski/ticket/libticket/local.go:996.2,996.76 1 1
github.com/simonski/ticket/libticket/local.go:999.83,1001.16 2 1
github.com/simonski/ticket/libticket/local.go:1001.16,1003.3 1 0
github.com/simonski/ticket/libticket/local.go:1004.2,1005.44 2 1
github.com/simonski/ticket/libticket/local.go:1008.56,1010.16 2 1
github.com/simonski/ticket/libticket/local.go:1010.16,1012.3 1 0
github.com/simonski/ticket/libticket/local.go:1013.2,1014.38 2 1
github.com/simonski/ticket/libticket/local.go:1017.72,1019.16 2 1
github.com/simonski/ticket/libticket/local.go:1019.16,1021.3 1 0
github.com/simonski/ticket/libticket/local.go:1022.2,1023.47 2 1
github.com/simonski/ticket/libticket/local.go:1026.96,1028.16 2 1
github.com/simonski/ticket/libticket/local.go:1028.16,1030.3 1 0
github.com/simonski/ticket/libticket/local.go:1031.2,1032.70 2 1
github.com/simonski/ticket/libticket/local.go:1035.75,1037.16 2 1
github.com/simonski/ticket/libticket/local.go:1037.16,1039.3 1 0
github.com/simonski/ticket/libticket/local.go:1040.2,1041.40 2 1
github.com/simonski/ticket/libticket/local.go:1044.52,1046.16 2 1
github.com/simonski/ticket/libticket/local.go:1046.16,1048.3 1 0
github.com/simonski/ticket/libticket/local.go:1049.2,1050.34 2 1
github.com/simonski/ticket/libticket/local.go:1053.70,1055.16 2 1
github.com/simonski/ticket/libticket/local.go:1055.16,1057.3 1 0
github.com/simonski/ticket/libticket/local.go:1058.2,1059.52 2 1
github.com/simonski/ticket/libticket/local.go:1062.73,1064.16 2 1
github.com/simonski/ticket/libticket/local.go:1064.16,1066.3 1 0
github.com/simonski/ticket/libticket/local.go:1067.2,1068.55 2 1
github.com/simonski/ticket/libticket/local.go:1071.80,1073.16 2 1
github.com/simonski/ticket/libticket/local.go:1073.16,1075.3 1 0
github.com/simonski/ticket/libticket/local.go:1076.2,1077.45 2 1
